2022-04-04 20:56:39.470 INFO  Metropolitan Museum's API is running on port 3000 ... 
2022-04-04 20:57:11.534 INFO  Searching departmentId: 6 for artwork search keyword: Egypt ... 
2022-04-04 20:57:28.027 INFO  Searching departmentId: rr for artwork search keyword: ww ... 
2022-04-04 20:58:28.914 ERROR GET /error-route: Error: route is broken! 
2022-04-04 20:58:34.869 ERROR Error! No matching route was found! 
2022-04-04 20:58:40.957 ERROR Error! No matching route was found! 
2022-04-04 21:10:26.352 INFO  Metropolitan Museum's API is running on port 3000 ... 
2022-04-04 21:10:41.897 INFO  Fetching artwork objectID: 1 from Metropolitan Museum's API ... 
2022-04-04 21:10:52.421 INFO  Fetching artwork objectID: 2 from Metropolitan Museum's API ... 
2022-04-04 21:11:01.277 INFO  Fetching artwork objectID: 3 from Metropolitan Museum's API ... 
2022-04-04 21:11:11.088 INFO  Fetching artwork objectID: 4 from Metropolitan Museum's API ... 
2022-04-04 21:11:20.340 INFO  Fetching artwork objectID: 5 from Metropolitan Museum's API ... 
2022-04-04 21:11:32.514 INFO  Fetching artwork objectID: 6 from Metropolitan Museum's API ... 
2022-04-04 21:11:40.773 INFO  Fetching artwork objectID: 7 from Metropolitan Museum's API ... 
2022-04-04 21:11:50.560 INFO  Fetching artwork objectID: 8 from Metropolitan Museum's API ... 
2022-04-04 21:12:01.071 INFO  Fetching artwork objectID: 9 from Metropolitan Museum's API ... 
2022-04-04 21:12:12.262 INFO  Fetching artwork objectID: 10 from Metropolitan Museum's API ... 
2022-04-04 21:12:22.147 INFO  Fetching artwork objectID: 11 from Metropolitan Museum's API ... 
2022-04-04 21:12:31.609 INFO  Fetching artwork objectID: 12 from Metropolitan Museum's API ... 
2022-04-04 21:12:40.697 INFO  Fetching artwork objectID: 13 from Metropolitan Museum's API ... 
2022-04-04 21:12:50.709 INFO  Fetching artwork objectID: 14 from Metropolitan Museum's API ... 
2022-04-04 21:13:01.301 INFO  Fetching artwork objectID: 15 from Metropolitan Museum's API ... 
2022-04-04 21:13:11.008 INFO  Fetching artwork objectID: 16 from Metropolitan Museum's API ... 
2022-04-04 21:13:17.170 INFO  Searching departmentId: 6 for artwork search keyword: Egypt ... 
2022-04-04 21:13:17.576 INFO  Fetching artwork objectID: 70996 from Metropolitan Museum's API ... 
2022-04-04 21:13:20.749 INFO  Fetching artwork objectID: 17 from Metropolitan Museum's API ... 
2022-04-04 21:13:26.830 INFO  Searching departmentId: ww for artwork search keyword: 34 ... 
2022-04-04 21:13:31.583 INFO  Fetching artwork objectID: 18 from Metropolitan Museum's API ... 
2022-04-04 21:13:43.246 INFO  Fetching artwork objectID: 19 from Metropolitan Museum's API ... 
2022-04-04 21:13:54.313 INFO  Fetching artwork objectID: 20 from Metropolitan Museum's API ... 
2022-04-04 21:14:00.969 INFO  Fetching artwork objectID: 21 from Metropolitan Museum's API ... 
2022-04-04 21:14:11.525 INFO  Fetching artwork objectID: 22 from Metropolitan Museum's API ... 
2022-04-04 21:14:24.146 INFO  Fetching artwork objectID: 23 from Metropolitan Museum's API ... 
2022-04-04 21:14:24.901 ERROR GET /error-route: Error: route is broken! 
2022-04-04 21:14:30.008 ERROR Error! No matching route was found! 
2022-04-04 21:14:30.119 INFO  Fetching artwork objectID: 24 from Metropolitan Museum's API ... 
2022-04-04 21:14:40.485 INFO  Fetching artwork objectID: 25 from Metropolitan Museum's API ... 
2022-04-04 21:14:53.475 INFO  Fetching artwork objectID: 26 from Metropolitan Museum's API ... 
2022-04-04 21:15:00.971 INFO  Fetching artwork objectID: 27 from Metropolitan Museum's API ... 
2022-04-04 21:15:10.457 INFO  Fetching artwork objectID: 28 from Metropolitan Museum's API ... 
2022-04-04 21:15:20.296 INFO  Fetching artwork objectID: 29 from Metropolitan Museum's API ... 
2022-04-04 21:15:30.716 INFO  Fetching artwork objectID: 30 from Metropolitan Museum's API ... 
2022-04-04 21:15:42.073 INFO  Fetching artwork objectID: 31 from Metropolitan Museum's API ... 
2022-04-04 21:15:51.200 INFO  Fetching artwork objectID: 32 from Metropolitan Museum's API ... 
2022-04-04 21:16:02.361 INFO  Fetching artwork objectID: 33 from Metropolitan Museum's API ... 
2022-04-04 21:16:11.360 INFO  Fetching artwork objectID: 34 from Metropolitan Museum's API ... 
2022-04-04 21:16:21.004 INFO  Fetching artwork objectID: 35 from Metropolitan Museum's API ... 
2022-04-04 21:16:32.148 INFO  Fetching artwork objectID: 36 from Metropolitan Museum's API ... 
2022-04-04 21:16:40.026 INFO  Fetching artwork objectID: 37 from Metropolitan Museum's API ... 
2022-04-04 21:16:51.242 INFO  Fetching artwork objectID: 38 from Metropolitan Museum's API ... 
2022-04-04 21:17:01.612 INFO  Fetching artwork objectID: 566 from Metropolitan Museum's API ... 
2022-04-04 21:17:11.039 INFO  Fetching artwork objectID: 40 from Metropolitan Museum's API ... 
2022-04-04 21:17:22.226 INFO  Fetching artwork objectID: 41 from Metropolitan Museum's API ... 
2022-04-04 21:17:31.551 INFO  Fetching artwork objectID: 42 from Metropolitan Museum's API ... 
2022-04-04 21:17:42.784 INFO  Fetching artwork objectID: 43 from Metropolitan Museum's API ... 
2022-04-04 21:17:52.186 INFO  Fetching artwork objectID: 44 from Metropolitan Museum's API ... 
2022-04-04 21:18:00.465 INFO  Fetching artwork objectID: 45 from Metropolitan Museum's API ... 
2022-04-04 21:18:12.119 INFO  Fetching artwork objectID: 46 from Metropolitan Museum's API ... 
2022-04-04 21:18:20.214 INFO  Fetching artwork objectID: 47 from Metropolitan Museum's API ... 
2022-04-04 21:18:30.696 INFO  Fetching artwork objectID: 48 from Metropolitan Museum's API ... 
2022-04-04 21:18:42.849 INFO  Fetching artwork objectID: 49 from Metropolitan Museum's API ... 
2022-04-04 21:18:51.014 INFO  Fetching artwork objectID: 50 from Metropolitan Museum's API ... 
2022-04-04 21:19:02.139 INFO  Fetching artwork objectID: 51 from Metropolitan Museum's API ... 
2022-04-04 21:19:12.643 INFO  Fetching artwork objectID: 52 from Metropolitan Museum's API ... 
2022-04-04 21:19:21.153 INFO  Fetching artwork objectID: 53 from Metropolitan Museum's API ... 
2022-04-04 21:19:32.856 INFO  Fetching artwork objectID: 56 from Metropolitan Museum's API ... 
2022-04-04 21:19:40.170 INFO  Searching departmentId: 2 for artwork search keyword: Andiron ... 
2022-04-04 21:19:42.382 INFO  Fetching artwork objectID: 57 from Metropolitan Museum's API ... 
2022-04-04 21:19:50.655 INFO  Fetching artwork objectID: 58 from Metropolitan Museum's API ... 
2022-04-04 21:20:01.045 INFO  Fetching artwork objectID: 59 from Metropolitan Museum's API ... 
2022-04-04 21:20:12.438 INFO  Fetching artwork objectID: 62 from Metropolitan Museum's API ... 
2022-04-04 21:20:22.285 INFO  Fetching artwork objectID: 63 from Metropolitan Museum's API ... 
2022-04-04 21:20:33.813 INFO  Fetching artwork objectID: 64 from Metropolitan Museum's API ... 
2022-04-04 21:20:43.122 INFO  Fetching artwork objectID: 65 from Metropolitan Museum's API ... 
